<?xml version="1.0" encoding="UTF-8"?>
<!-- Generated by org.testng.reporters.JUnitReportReporter -->
<testsuite skipped="0" hostname="DESKTOP-VJSQTF3" name="restassured.day.one.SerializationAndDesrialization" tests="1" failures="0" timestamp="13 Feb 2023 11:53:48 GMT" time="0.828" errors="0">
  <testcase name="convertJSONtoPOJO" time="0.828" classname="restassured.day.one.SerializationAndDesrialization"/>
</testsuite> <!-- restassured.day.one.SerializationAndDesrialization -->
