<?xml version="1.0" encoding="UTF-8"?>
<!-- Generated by org.testng.reporters.JUnitReportReporter -->
<testsuite skipped="0" hostname="DESKTOP-VJSQTF3" name="restassured.chain.api.UpdateUser" tests="1" failures="0" timestamp="13 Feb 2023 17:12:11 GMT" time="1.580" errors="0">
  <testcase name="TestUpdateUser" time="1.580" classname="restassured.chain.api.UpdateUser"/>
</testsuite> <!-- restassured.chain.api.UpdateUser -->
