<?xml version="1.0" encoding="UTF-8"?>
<!-- Generated by org.testng.reporters.JUnitReportReporter -->
<testsuite skipped="0" hostname="DESKTOP-VJSQTF3" name="restassured.day.one.PathAndQueryParameters" tests="1" failures="0" timestamp="12 Feb 2023 15:29:24 GMT" time="7.299" errors="0">
  <testcase name="testQueryAndPathParameters" time="7.299" classname="restassured.day.one.PathAndQueryParameters"/>
</testsuite> <!-- restassured.day.one.PathAndQueryParameters -->
