<?xml version="1.0" encoding="UTF-8"?>
<!-- Generated by org.testng.reporters.JUnitReportReporter -->
<testsuite skipped="0" hostname="DESKTOP-VJSQTF3" name="restassured.day.one.HttpRequests" tests="4" failures="0" timestamp="12 Feb 2023 12:35:30 GMT" time="12.053" errors="0">
  <testcase name="getUser" time="8.848" classname="restassured.day.one.HttpRequests"/>
  <testcase name="createUser" time="2.161" classname="restassured.day.one.HttpRequests"/>
  <testcase name="updateUser" time="0.542" classname="restassured.day.one.HttpRequests"/>
  <testcase name="deleteUser" time="0.502" classname="restassured.day.one.HttpRequests"/>
</testsuite> <!-- restassured.day.one.HttpRequests -->
