<?xml version="1.0" encoding="UTF-8"?>
<!-- Generated by org.testng.reporters.JUnitReportReporter -->
<testsuite skipped="0" hostname="DESKTOP-VJSQTF3" name="restassured.day.authorization.TestAuthorization" tests="1" failures="0" timestamp="13 Feb 2023 13:20:33 GMT" time="7.867" errors="0">
  <testcase name="testAPIKey" time="7.867" classname="restassured.day.authorization.TestAuthorization"/>
</testsuite> <!-- restassured.day.authorization.TestAuthorization -->
