<?xml version="1.0" encoding="UTF-8"?>
<!-- Generated by org.testng.reporters.JUnitReportReporter -->
<testsuite skipped="0" hostname="DESKTOP-VJSQTF3" name="restassured.day.one.PostDifferentWays" tests="1" failures="0" timestamp="12 Feb 2023 14:45:40 GMT" time="9.255" errors="0">
  <testcase name="PostUsingExternalJsonFile" time="9.255" classname="restassured.day.one.PostDifferentWays"/>
</testsuite> <!-- restassured.day.one.PostDifferentWays -->
