<?xml version="1.0" encoding="UTF-8"?>
<!-- Generated by org.testng.reporters.JUnitReportReporter -->
<testsuite skipped="0" hostname="DESKTOP-VJSQTF3" name="restassured.chain.api.CreateUser" tests="1" failures="0" timestamp="13 Feb 2023 17:12:11 GMT" time="7.838" errors="0">
  <testcase name="testCreateUser" time="7.838" classname="restassured.chain.api.CreateUser"/>
</testsuite> <!-- restassured.chain.api.CreateUser -->
