<?xml version="1.0" encoding="UTF-8"?>
<!-- Generated by org.testng.reporters.JUnitReportReporter -->
<testsuite skipped="0" hostname="DESKTOP-VJSQTF3" name="restassured.day.one.CookiesDemo" tests="1" failures="0" timestamp="12 Feb 2023 16:03:53 GMT" time="5.366" errors="0">
  <testcase name="getAllTheCookiesInfo" time="5.366" classname="restassured.day.one.CookiesDemo"/>
</testsuite> <!-- restassured.day.one.CookiesDemo -->
