<?xml version="1.0" encoding="UTF-8"?>
<!-- Generated by org.testng.reporters.JUnitReportReporter -->
<testsuite skipped="0" hostname="DESKTOP-VJSQTF3" name="restassured.day.one.HeadersDemo" tests="2" failures="0" timestamp="13 Feb 2023 05:36:16 GMT" time="7.675" errors="0">
  <testcase name="GetSingleHeaderInfo" time="7.156" classname="restassured.day.one.HeadersDemo"/>
  <testcase name="GetMultipleHeaderInfo" time="0.519" classname="restassured.day.one.HeadersDemo"/>
</testsuite> <!-- restassured.day.one.HeadersDemo -->
