<?xml version="1.0" encoding="UTF-8"?>
<!-- Generated by org.testng.reporters.JUnitReportReporter -->
<testsuite skipped="0" hostname="DESKTOP-VJSQTF3" name="restassured.day.one.TestLogging" tests="1" failures="0" timestamp="13 Feb 2023 05:39:46 GMT" time="6.632" errors="0">
  <testcase name="testlogsOnlyCookies" time="6.632" classname="restassured.day.one.TestLogging"/>
</testsuite> <!-- restassured.day.one.TestLogging -->
