<?xml version="1.0" encoding="UTF-8"?>
<!-- Generated by org.testng.reporters.JUnitReportReporter -->
<testsuite skipped="0" hostname="DESKTOP-VJSQTF3" name="restassured.day.one.ValidateSchema" tests="1" failures="0" timestamp="13 Feb 2023 09:21:21 GMT" time="8.288" errors="0">
  <testcase name="validateJSONSchema" time="8.288" classname="restassured.day.one.ValidateSchema"/>
</testsuite> <!-- restassured.day.one.ValidateSchema -->
